TN:
SF:index-full.js
FN:66,checkWazuh
FN:73,(anonymous_1)
FN:94,checkShuffle
FN:100,(anonymous_3)
FN:121,checkZabbix
FN:127,(anonymous_5)
FN:148,checkAllApps
FN:157,(anonymous_7)
FN:162,(anonymous_8)
FN:164,(anonymous_9)
FN:172,(anonymous_10)
FN:178,(anonymous_11)
FN:179,(anonymous_12)
FN:205,(anonymous_13)
FN:214,(anonymous_14)
FN:228,(anonymous_15)
FNF:16
FNH:0
FNDA:0,checkWazuh
FNDA:0,(anonymous_1)
FNDA:0,checkShuffle
FNDA:0,(anonymous_3)
FNDA:0,checkZabbix
FNDA:0,(anonymous_5)
FNDA:0,checkAllApps
FNDA:0,(anonymous_7)
FNDA:0,(anonymous_8)
FNDA:0,(anonymous_9)
FNDA:0,(anonymous_10)
FNDA:0,(anonymous_11)
FNDA:0,(anonymous_12)
FNDA:0,(anonymous_13)
FNDA:0,(anonymous_14)
FNDA:0,(anonymous_15)
DA:6,0
DA:7,0
DA:9,0
DA:10,0
DA:11,0
DA:12,0
DA:13,0
DA:15,0
DA:16,0
DA:18,0
DA:19,0
DA:22,0
DA:23,0
DA:29,0
DA:34,0
DA:40,0
DA:46,0
DA:52,0
DA:58,0
DA:60,0
DA:67,0
DA:68,0
DA:73,0
DA:77,0
DA:85,0
DA:95,0
DA:96,0
DA:100,0
DA:104,0
DA:112,0
DA:122,0
DA:123,0
DA:127,0
DA:131,0
DA:139,0
DA:149,0
DA:157,0
DA:158,0
DA:162,0
DA:163,0
DA:164,0
DA:168,0
DA:172,0
DA:173,0
DA:174,0
DA:178,0
DA:179,0
DA:180,0
DA:182,0
DA:194,0
DA:195,0
DA:202,0
DA:205,0
DA:206,0
DA:207,0
DA:209,0
DA:214,0
DA:215,0
DA:216,0
DA:218,0
DA:226,0
DA:228,0
DA:229,0
DA:230,0
DA:231,0
DA:232,0
LF:66
LH:0
BRDA:19,0,0,0
BRDA:19,0,1,0
BRDA:73,1,0,0
BRDA:73,1,1,0
BRDA:78,2,0,0
BRDA:78,2,1,0
BRDA:100,3,0,0
BRDA:100,3,1,0
BRDA:105,4,0,0
BRDA:105,4,1,0
BRDA:127,5,0,0
BRDA:127,5,1,0
BRDA:142,6,0,0
BRDA:142,6,1,0
BRDA:164,7,0,0
BRDA:164,7,1,0
BRF:16
BRH:0
end_of_record
TN:
SF:index.js
FN:59,(anonymous_0)
FN:62,(anonymous_1)
FN:77,checkWazuh
FN:84,(anonymous_3)
FN:103,checkShuffle
FN:109,(anonymous_5)
FN:128,checkZabbix
FN:134,(anonymous_7)
FN:153,runHealthChecks
FN:181,runCollectors
FN:205,(anonymous_10)
FN:214,(anonymous_11)
FN:245,(anonymous_12)
FN:295,(anonymous_13)
FN:332,(anonymous_14)
FN:370,(anonymous_15)
FN:378,(anonymous_16)
FN:397,start
FN:427,(anonymous_18)
FN:442,(anonymous_19)
FN:459,(anonymous_20)
FN:464,(anonymous_21)
FN:470,(anonymous_22)
FN:475,(anonymous_23)
FNF:24
FNH:0
FNDA:0,(anonymous_0)
FNDA:0,(anonymous_1)
FNDA:0,checkWazuh
FNDA:0,(anonymous_3)
FNDA:0,checkShuffle
FNDA:0,(anonymous_5)
FNDA:0,checkZabbix
FNDA:0,(anonymous_7)
FNDA:0,runHealthChecks
FNDA:0,runCollectors
FNDA:0,(anonymous_10)
FNDA:0,(anonymous_11)
FNDA:0,(anonymous_12)
FNDA:0,(anonymous_13)
FNDA:0,(anonymous_14)
FNDA:0,(anonymous_15)
FNDA:0,(anonymous_16)
FNDA:0,start
FNDA:0,(anonymous_18)
FNDA:0,(anonymous_19)
FNDA:0,(anonymous_20)
FNDA:0,(anonymous_21)
FNDA:0,(anonymous_22)
FNDA:0,(anonymous_23)
DA:6,0
DA:7,0
DA:8,0
DA:9,0
DA:10,0
DA:11,0
DA:18,0
DA:19,0
DA:22,0
DA:30,0
DA:33,0
DA:34,0
DA:37,0
DA:38,0
DA:41,0
DA:44,0
DA:45,0
DA:46,0
DA:52,0
DA:55,0
DA:56,0
DA:59,0
DA:60,0
DA:62,0
DA:63,0
DA:64,0
DA:67,0
DA:71,0
DA:78,0
DA:79,0
DA:84,0
DA:88,0
DA:94,0
DA:95,0
DA:104,0
DA:105,0
DA:109,0
DA:113,0
DA:119,0
DA:120,0
DA:129,0
DA:130,0
DA:134,0
DA:138,0
DA:144,0
DA:145,0
DA:154,0
DA:155,0
DA:175,0
DA:182,0
DA:192,0
DA:193,0
DA:195,0
DA:205,0
DA:206,0
DA:214,0
DA:215,0
DA:216,0
DA:217,0
DA:219,0
DA:228,0
DA:232,0
DA:240,0
DA:246,0
DA:247,0
DA:248,0
DA:250,0
DA:258,0
DA:259,0
DA:260,0
DA:261,0
DA:263,0
DA:265,0
DA:267,0
DA:277,0
DA:282,0
DA:291,0
DA:296,0
DA:297,0
DA:304,0
DA:305,0
DA:311,0
DA:313,0
DA:318,0
DA:327,0
DA:333,0
DA:334,0
DA:335,0
DA:337,0
DA:344,0
DA:346,0
DA:356,0
DA:361,0
DA:370,0
DA:371,0
DA:378,0
DA:379,0
DA:385,0
DA:398,0
DA:400,0
DA:402,0
DA:404,0
DA:409,0
DA:412,0
DA:415,0
DA:427,0
DA:428,0
DA:429,0
DA:431,0
DA:435,0
DA:442,0
DA:443,0
DA:453,0
DA:454,0
DA:459,0
DA:460,0
DA:461,0
DA:464,0
DA:465,0
DA:466,0
DA:470,0
DA:471,0
DA:472,0
DA:475,0
DA:476,0
DA:483,0
LF:126
LH:0
BRDA:84,0,0,0
BRDA:84,0,1,0
BRDA:89,1,0,0
BRDA:89,1,1,0
BRDA:109,2,0,0
BRDA:109,2,1,0
BRDA:114,3,0,0
BRDA:114,3,1,0
BRDA:134,4,0,0
BRDA:134,4,1,0
BRDA:139,5,0,0
BRDA:139,5,1,0
BRDA:258,6,0,0
BRDA:258,6,1,0
BRDA:259,7,0,0
BRDA:259,7,1,0
BRDA:260,8,0,0
BRDA:260,8,1,0
BRDA:261,9,0,0
BRDA:261,9,1,0
BRDA:265,10,0,0
BRDA:265,10,1,0
BRDA:304,11,0,0
BRDA:304,11,1,0
BRDA:304,12,0,0
BRDA:304,12,1,0
BRDA:344,13,0,0
BRDA:344,13,1,0
BRDA:387,14,0,0
BRDA:387,14,1,0
BRDA:402,15,0,0
BRDA:402,15,1,0
BRF:32
BRH:0
end_of_record
TN:
SF:collectors/BaseCollector.js
FN:10,(anonymous_0)
FN:22,(anonymous_1)
FN:31,(anonymous_2)
FN:39,(anonymous_3)
FN:60,(anonymous_4)
FN:65,(anonymous_5)
FN:80,(anonymous_6)
FN:135,(anonymous_7)
FN:178,(anonymous_8)
FN:215,(anonymous_9)
FN:226,(anonymous_10)
FNF:11
FNH:6
FNDA:13,(anonymous_0)
FNDA:0,(anonymous_1)
FNDA:0,(anonymous_2)
FNDA:5,(anonymous_3)
FNDA:0,(anonymous_4)
FNDA:0,(anonymous_5)
FNDA:4,(anonymous_6)
FNDA:0,(anonymous_7)
FNDA:2,(anonymous_8)
FNDA:4,(anonymous_9)
FNDA:2,(anonymous_10)
DA:6,1
DA:7,1
DA:11,13
DA:12,13
DA:13,13
DA:14,13
DA:15,13
DA:23,0
DA:32,0
DA:40,5
DA:43,3
DA:44,0
DA:45,0
DA:48,3
DA:50,3
DA:51,3
DA:53,3
DA:61,0
DA:62,0
DA:64,0
DA:65,0
DA:66,0
DA:69,0
DA:70,0
DA:81,4
DA:82,3
DA:83,3
DA:86,1
DA:89,1
DA:90,3
DA:92,3
DA:93,3
DA:98,0
DA:100,0
DA:106,0
DA:109,3
DA:117,1
DA:118,0
DA:125,1
DA:136,0
DA:138,0
DA:140,0
DA:141,0
DA:143,0
DA:144,0
DA:148,0
DA:149,0
DA:154,0
DA:157,0
DA:164,0
DA:165,0
DA:171,0
DA:179,2
DA:180,2
DA:181,2
DA:184,1
DA:185,1
DA:186,1
DA:189,1
DA:190,1
DA:191,1
DA:193,0
DA:198,0
DA:201,0
DA:206,0
DA:216,4
DA:227,2
DA:231,1
LF:68
LH:36
BRDA:40,0,0,2
BRDA:40,0,1,3
BRDA:43,1,0,0
BRDA:43,1,1,3
BRDA:64,2,0,0
BRDA:64,2,1,0
BRDA:69,3,0,0
BRDA:69,3,1,0
BRDA:81,4,0,3
BRDA:81,4,1,1
BRDA:81,5,0,4
BRDA:81,5,1,2
BRDA:98,6,0,0
BRDA:98,6,1,0
BRDA:117,7,0,0
BRDA:117,7,1,1
BRDA:135,8,0,0
BRDA:136,9,0,0
BRDA:136,9,1,0
BRDA:136,10,0,0
BRDA:136,10,1,0
BRDA:148,11,0,0
BRDA:148,11,1,0
BRDA:164,12,0,0
BRDA:164,12,1,0
BRDA:184,13,0,1
BRDA:184,13,1,0
BRDA:217,14,0,4
BRDA:217,14,1,2
BRDA:217,14,2,1
BRDA:227,15,0,2
BRDA:227,15,1,1
BRF:32
BRH:14
end_of_record
TN:
SF:collectors/wazuh-collector.js
FN:14,(anonymous_0)
FN:28,(anonymous_1)
FN:49,(anonymous_2)
FN:73,(anonymous_3)
FN:98,(anonymous_4)
FN:108,(anonymous_5)
FNF:6
FNH:0
FNDA:0,(anonymous_0)
FNDA:0,(anonymous_1)
FNDA:0,(anonymous_2)
FNDA:0,(anonymous_3)
FNDA:0,(anonymous_4)
FNDA:0,(anonymous_5)
DA:6,0
DA:7,0
DA:8,0
DA:9,0
DA:10,0
DA:11,0
DA:15,0
DA:16,0
DA:17,0
DA:18,0
DA:19,0
DA:22,0
DA:29,0
DA:30,0
DA:40,0
DA:41,0
DA:43,0
DA:44,0
DA:45,0
DA:50,0
DA:52,0
DA:67,0
DA:68,0
DA:70,0
DA:73,0
DA:87,0
DA:90,0
DA:93,0
DA:94,0
DA:99,0
DA:101,0
DA:102,0
DA:103,0
DA:104,0
DA:105,0
DA:109,0
DA:116,0
LF:37
LH:0
BRDA:23,0,0,0
BRDA:23,0,1,0
BRDA:24,1,0,0
BRDA:24,1,1,0
BRDA:59,2,0,0
BRDA:59,2,1,0
BRDA:67,3,0,0
BRDA:67,3,1,0
BRDA:70,4,0,0
BRDA:70,4,1,0
BRDA:79,5,0,0
BRDA:79,5,1,0
BRDA:79,5,2,0
BRDA:101,6,0,0
BRDA:101,6,1,0
BRDA:102,7,0,0
BRDA:102,7,1,0
BRDA:103,8,0,0
BRDA:103,8,1,0
BRDA:104,9,0,0
BRDA:104,9,1,0
BRDA:110,10,0,0
BRDA:110,10,1,0
BRF:23
BRH:0
end_of_record
TN:
SF:collectors/zabbix-collector.js
FN:12,(anonymous_0)
FN:19,(anonymous_1)
FN:46,(anonymous_2)
FN:82,(anonymous_3)
FN:125,(anonymous_4)
FN:136,(anonymous_5)
FNF:6
FNH:0
FNDA:0,(anonymous_0)
FNDA:0,(anonymous_1)
FNDA:0,(anonymous_2)
FNDA:0,(anonymous_3)
FNDA:0,(anonymous_4)
FNDA:0,(anonymous_5)
DA:6,0
DA:7,0
DA:8,0
DA:9,0
DA:13,0
DA:14,0
DA:15,0
DA:16,0
DA:20,0
DA:21,0
DA:37,0
DA:38,0
DA:40,0
DA:41,0
DA:42,0
DA:47,0
DA:49,0
DA:70,0
DA:71,0
DA:73,0
DA:76,0
DA:82,0
DA:85,0
DA:86,0
DA:88,0
DA:89,0
DA:100,0
DA:101,0
DA:103,0
DA:108,0
DA:109,0
DA:114,0
DA:120,0
DA:121,0
DA:126,0
DA:129,0
DA:130,0
DA:131,0
DA:132,0
DA:133,0
DA:137,0
DA:144,0
LF:42
LH:0
BRDA:70,0,0,0
BRDA:70,0,1,0
BRDA:73,1,0,0
BRDA:73,1,1,0
BRDA:82,2,0,0
BRDA:82,2,1,0
BRDA:95,3,0,0
BRDA:95,3,1,0
BRDA:96,4,0,0
BRDA:96,4,1,0
BRDA:100,5,0,0
BRDA:100,5,1,0
BRDA:129,6,0,0
BRDA:129,6,1,0
BRDA:130,7,0,0
BRDA:130,7,1,0
BRDA:131,8,0,0
BRDA:131,8,1,0
BRDA:132,9,0,0
BRDA:132,9,1,0
BRDA:138,10,0,0
BRDA:138,10,1,0
BRF:22
BRH:0
end_of_record
TN:
SF:config/constants.js
FNF:0
FNH:0
DA:6,2
LF:1
LH:1
BRF:0
BRH:0
end_of_record
TN:
SF:config/env.js
FN:36,validateEnv
FN:45,(anonymous_1)
FNF:2
FNH:1
FNDA:6,validateEnv
FNDA:0,(anonymous_1)
DA:6,6
DA:8,6
DA:37,6
DA:38,6
DA:39,6
DA:40,6
DA:42,0
DA:44,0
DA:45,0
DA:46,0
DA:50,0
DA:51,0
DA:55,6
LF:13
LH:7
BRDA:44,0,0,0
BRDA:44,0,1,0
BRF:2
BRH:0
end_of_record
TN:
SF:middleware/auth.js
FN:17,requireAuth
FN:101,optionalAuth
FN:133,requireRole
FN:134,(anonymous_3)
FNF:4
FNH:0
FNDA:0,requireAuth
FNDA:0,optionalAuth
FNDA:0,requireRole
FNDA:0,(anonymous_3)
DA:6,0
DA:7,0
DA:8,0
DA:9,0
DA:11,0
DA:18,0
DA:19,0
DA:21,0
DA:22,0
DA:26,0
DA:32,0
DA:35,0
DA:37,0
DA:38,0
DA:43,0
DA:50,0
DA:56,0
DA:57,0
DA:61,0
DA:68,0
DA:75,0
DA:82,0
DA:84,0
DA:89,0
DA:102,0
DA:104,0
DA:106,0
DA:107,0
DA:114,0
DA:119,0
DA:123,0
DA:127,0
DA:134,0
DA:135,0
DA:136,0
DA:142,0
DA:143,0
DA:150,0
DA:156,0
DA:160,0
LF:40
LH:0
BRDA:21,0,0,0
BRDA:21,0,1,0
BRDA:21,1,0,0
BRDA:21,1,1,0
BRDA:37,2,0,0
BRDA:37,2,1,0
BRDA:37,3,0,0
BRDA:37,3,1,0
BRDA:56,4,0,0
BRDA:56,4,1,0
BRDA:56,5,0,0
BRDA:56,5,1,0
BRDA:104,6,0,0
BRDA:104,6,1,0
BRDA:104,7,0,0
BRDA:104,7,1,0
BRDA:106,8,0,0
BRDA:106,8,1,0
BRDA:135,9,0,0
BRDA:135,9,1,0
BRDA:142,10,0,0
BRDA:142,10,1,0
BRF:22
BRH:0
end_of_record
TN:
SF:middleware/rateLimiter.js
FN:20,(anonymous_0)
FN:34,(anonymous_1)
FN:53,(anonymous_2)
FN:79,(anonymous_3)
FN:83,(anonymous_4)
FNF:5
FNH:0
FNDA:0,(anonymous_0)
FNDA:0,(anonymous_1)
FNDA:0,(anonymous_2)
FNDA:0,(anonymous_3)
FNDA:0,(anonymous_4)
DA:6,0
DA:7,0
DA:8,0
DA:14,0
DA:21,0
DA:27,0
DA:36,0
DA:37,0
DA:39,0
DA:47,0
DA:54,0
DA:60,0
DA:72,0
DA:80,0
DA:84,0
DA:90,0
DA:98,0
LF:17
LH:0
BRDA:36,0,0,0
BRDA:36,0,1,0
BRDA:36,1,0,0
BRDA:36,1,1,0
BRDA:80,2,0,0
BRDA:80,2,1,0
BRF:6
BRH:0
end_of_record
TN:
SF:middleware/validation.js
FN:20,validate
FN:21,(anonymous_1)
FN:38,(anonymous_2)
FN:67,(anonymous_3)
FN:70,(anonymous_4)
FNF:5
FNH:0
FNDA:0,validate
FNDA:0,(anonymous_1)
FNDA:0,(anonymous_2)
FNDA:0,(anonymous_3)
FNDA:0,(anonymous_4)
DA:6,0
DA:7,0
DA:13,0
DA:21,0
DA:22,0
DA:23,0
DA:24,0
DA:25,0
DA:27,0
DA:28,0
DA:35,0
DA:38,0
DA:46,0
DA:51,0
DA:63,0
DA:67,0
DA:70,0
DA:76,0
DA:85,0
DA:92,0
DA:99,0
DA:107,0
LF:22
LH:0
BRDA:20,0,0,0
BRDA:27,1,0,0
BRDA:27,1,1,0
BRF:3
BRH:0
end_of_record
TN:
SF:routes/dashboard.js
FN:9,(anonymous_0)
FN:12,(anonymous_1)
FN:67,(anonymous_2)
FN:102,(anonymous_3)
FNF:4
FNH:0
FNDA:0,(anonymous_0)
FNDA:0,(anonymous_1)
FNDA:0,(anonymous_2)
FNDA:0,(anonymous_3)
DA:6,0
DA:7,0
DA:9,0
DA:12,0
DA:13,0
DA:14,0
DA:17,0
DA:23,0
DA:26,0
DA:34,0
DA:35,0
DA:37,0
DA:47,0
DA:61,0
DA:62,0
DA:67,0
DA:68,0
DA:69,0
DA:72,0
DA:79,0
DA:80,0
DA:82,0
DA:90,0
DA:96,0
DA:97,0
DA:102,0
DA:103,0
DA:104,0
DA:107,0
DA:116,0
DA:121,0
DA:128,0
DA:129,0
DA:133,0
LF:34
LH:0
BRDA:14,0,0,0
BRDA:14,0,1,0
BRDA:23,1,0,0
BRDA:23,1,1,0
BRDA:48,2,0,0
BRDA:48,2,1,0
BRDA:56,3,0,0
BRDA:56,3,1,0
BRDA:57,4,0,0
BRDA:57,4,1,0
BRDA:69,5,0,0
BRDA:69,5,1,0
BRDA:91,6,0,0
BRDA:91,6,1,0
BRDA:92,7,0,0
BRDA:92,7,1,0
BRDA:104,8,0,0
BRDA:104,8,1,0
BRDA:122,9,0,0
BRDA:122,9,1,0
BRDA:123,10,0,0
BRDA:123,10,1,0
BRDA:124,11,0,0
BRDA:124,11,1,0
BRF:24
BRH:0
end_of_record
TN:
SF:routes/tickets.js
FN:9,(anonymous_0)
FN:12,(anonymous_1)
FN:43,(anonymous_2)
FN:72,(anonymous_3)
FNF:4
FNH:0
FNDA:0,(anonymous_0)
FNDA:0,(anonymous_1)
FNDA:0,(anonymous_2)
FNDA:0,(anonymous_3)
DA:6,0
DA:7,0
DA:9,0
DA:12,0
DA:13,0
DA:14,0
DA:15,0
DA:17,0
DA:27,0
DA:28,0
DA:31,0
DA:32,0
DA:34,0
DA:37,0
DA:38,0
DA:43,0
DA:44,0
DA:45,0
DA:47,0
DA:61,0
DA:63,0
DA:66,0
DA:67,0
DA:72,0
DA:73,0
DA:74,0
DA:75,0
DA:77,0
DA:84,0
DA:86,0
DA:89,0
DA:90,0
DA:94,0
LF:33
LH:0
BRDA:14,0,0,0
BRDA:14,0,1,0
BRDA:27,1,0,0
BRDA:27,1,1,0
BRDA:32,2,0,0
BRDA:32,2,1,0
BRDA:34,3,0,0
BRDA:34,3,1,0
BRDA:50,4,0,0
BRDA:50,4,1,0
BRDA:53,5,0,0
BRDA:53,5,1,0
BRDA:54,6,0,0
BRDA:54,6,1,0
BRDA:61,7,0,0
BRDA:61,7,1,0
BRDA:84,8,0,0
BRDA:84,8,1,0
BRF:18
BRH:0
end_of_record
TN:
SF:services/StatusCache.js
FN:7,(anonymous_0)
FN:17,(anonymous_1)
FN:30,(anonymous_2)
FN:38,(anonymous_3)
FN:47,(anonymous_4)
FN:56,(anonymous_5)
FN:57,(anonymous_6)
FN:64,(anonymous_7)
FN:72,(anonymous_8)
FN:81,(anonymous_9)
FN:90,(anonymous_10)
FNF:11
FNH:11
FNDA:1,(anonymous_0)
FNDA:23,(anonymous_1)
FNDA:5,(anonymous_2)
FNDA:3,(anonymous_3)
FNDA:3,(anonymous_4)
FNDA:8,(anonymous_5)
FNDA:20,(anonymous_6)
FNDA:10,(anonymous_7)
FNDA:5,(anonymous_8)
FNDA:16,(anonymous_9)
FNDA:2,(anonymous_10)
DA:8,1
DA:9,1
DA:18,23
DA:22,23
DA:31,5
DA:39,3
DA:48,3
DA:49,3
DA:57,20
DA:65,10
DA:73,5
DA:74,5
DA:75,4
DA:82,16
DA:83,16
DA:91,2
DA:92,2
DA:94,2
DA:106,1
LF:19
LH:19
BRDA:74,0,0,1
BRDA:74,0,1,4
BRDA:95,1,0,1
BRDA:95,1,1,1
BRF:4
BRH:4
end_of_record
TN:
SF:utils/logger.js
FN:20,(anonymous_0)
FN:72,(anonymous_1)
FN:82,(anonymous_2)
FN:93,(anonymous_3)
FNF:4
FNH:2
FNDA:3,(anonymous_0)
FNDA:0,(anonymous_1)
FNDA:0,(anonymous_2)
FNDA:3,(anonymous_3)
DA:6,1
DA:7,1
DA:10,1
DA:17,1
DA:21,3
DA:23,3
DA:24,3
DA:27,3
DA:32,1
DA:35,1
DA:36,1
DA:43,0
DA:51,1
DA:64,1
DA:72,1
DA:73,0
DA:82,1
DA:83,0
DA:93,1
DA:94,3
DA:101,1
LF:21
LH:18
BRDA:23,0,0,3
BRDA:23,0,1,0
BRDA:35,1,0,1
BRDA:35,1,1,0
BRDA:72,2,0,0
BRDA:82,3,0,0
BRDA:93,4,0,0
BRF:7
BRH:2
end_of_record
